0 info it worked if it ends with ok
1 verbose cli [ '/usr/bin/node', '/usr/bin/npm', 'run', 'test:capacity' ]
2 info using npm@3.5.2
3 info using node@v8.10.0
4 verbose run-script [ 'pretest:capacity', 'test:capacity', 'posttest:capacity' ]
5 info lifecycle Awesome_app@1.0.0~pretest:capacity: Awesome_app@1.0.0
6 silly lifecycle Awesome_app@1.0.0~pretest:capacity: no script for pretest:capacity, continuing
7 info lifecycle Awesome_app@1.0.0~test:capacity: Awesome_app@1.0.0
8 verbose lifecycle Awesome_app@1.0.0~test:capacity: unsafe-perm in lifecycle true
9 verbose lifecycle Awesome_app@1.0.0~test:capacity: PATH: /usr/share/npm/bin/node-gyp-bin:/var/lib/jenkins/workspace/Pipeline_project/game_api/node_modules/.bin:/usr/local/sbin:/usr/local/bin:/usr/sbin:/usr/bin:/sbin:/bin:/usr/games:/usr/local/games:/snap/bin
10 verbose lifecycle Awesome_app@1.0.0~test:capacity: CWD: /var/lib/jenkins/workspace/Pipeline_project/game_api
11 silly lifecycle Awesome_app@1.0.0~test:capacity: Args: [ '-c',
11 silly lifecycle   'jest --testRegex $*.capacity-test.js --collectCoverage true' ]
12 silly lifecycle Awesome_app@1.0.0~test:capacity: Returned: code: 1  signal: null
13 info lifecycle Awesome_app@1.0.0~test:capacity: Failed to exec test:capacity script
14 verbose stack Error: Awesome_app@1.0.0 test:capacity: `jest --testRegex $*.capacity-test.js --collectCoverage true`
14 verbose stack Exit status 1
14 verbose stack     at EventEmitter.<anonymous> (/usr/share/npm/lib/utils/lifecycle.js:232:16)
14 verbose stack     at emitTwo (events.js:126:13)
14 verbose stack     at EventEmitter.emit (events.js:214:7)
14 verbose stack     at ChildProcess.<anonymous> (/usr/share/npm/lib/utils/spawn.js:24:14)
14 verbose stack     at emitTwo (events.js:126:13)
14 verbose stack     at ChildProcess.emit (events.js:214:7)
14 verbose stack     at maybeClose (internal/child_process.js:925:16)
14 verbose stack     at Process.ChildProcess._handle.onexit (internal/child_process.js:209:5)
15 verbose pkgid Awesome_app@1.0.0
16 verbose cwd /var/lib/jenkins/workspace/Pipeline_project/game_api
17 error Linux 4.15.0-1056-aws
18 error argv "/usr/bin/node" "/usr/bin/npm" "run" "test:capacity"
19 error node v8.10.0
20 error npm  v3.5.2
21 error code ELIFECYCLE
22 error Awesome_app@1.0.0 test:capacity: `jest --testRegex $*.capacity-test.js --collectCoverage true`
22 error Exit status 1
23 error Failed at the Awesome_app@1.0.0 test:capacity script 'jest --testRegex $*.capacity-test.js --collectCoverage true'.
23 error Make sure you have the latest version of node.js and npm installed.
23 error If you do, this is most likely a problem with the Awesome_app package,
23 error not with npm itself.
23 error Tell the author that this fails on your system:
23 error     jest --testRegex $*.capacity-test.js --collectCoverage true
23 error You can get information on how to open an issue for this project with:
23 error     npm bugs Awesome_app
23 error Or if that isn't available, you can get their info via:
23 error     npm owner ls Awesome_app
23 error There is likely additional logging output above.
24 verbose exit [ 1, true ]
